[0.025s] Invoking command in '/home/usuario/Documentos/GitHub/vamoshostia/build/examples_sum': CMAKE_PREFIX_PATH=/opt/ros/foxy /usr/bin/cmake /home/usuario/Documentos/GitHub/vamoshostia/ros2_ws/src/sum -DCMAKE_INSTALL_PREFIX=/home/usuario/Documentos/GitHub/vamoshostia/install/examples_sum
[0.446s] -- The C compiler identification is GNU 9.4.0
[0.836s] -- The CXX compiler identification is GNU 9.4.0
[0.858s] -- Check for working C compiler: /usr/bin/cc
[1.256s] -- Check for working C compiler: /usr/bin/cc -- works
[1.263s] -- Detecting C compiler ABI info
[1.645s] -- Detecting C compiler ABI info - done
[1.678s] -- Detecting C compile features
[1.679s] -- Detecting C compile features - done
[1.688s] -- Check for working CXX compiler: /usr/bin/c++
[2.019s] -- Check for working CXX compiler: /usr/bin/c++ -- works
[2.033s] -- Detecting CXX compiler ABI info
[2.367s] -- Detecting CXX compiler ABI info - done
[2.409s] -- Detecting CXX compile features
[2.409s] -- Detecting CXX compile features - done
[2.429s] -- Found ament_cmake: 0.9.11 (/opt/ros/foxy/share/ament_cmake/cmake)
[2.457s] -- Found PythonInterp: /usr/bin/python3 (found suitable version "3.8.10", minimum required is "3") 
[2.457s] -- Using PYTHON_EXECUTABLE: /usr/bin/python3
[2.686s] -- Found rclcpp: 2.4.2 (/opt/ros/foxy/share/rclcpp/cmake)
[2.733s] -- Using all available rosidl_typesupport_c: rosidl_typesupport_fastrtps_c;rosidl_typesupport_introspection_c
[2.740s] -- Found rosidl_adapter: 1.3.0 (/opt/ros/foxy/share/rosidl_adapter/cmake)
[2.814s] -- Found OpenSSL: /usr/lib/x86_64-linux-gnu/libcrypto.so (found version "1.1.1f")  
[2.841s] -- Found FastRTPS: /opt/ros/foxy/include  
[2.911s] -- Using all available rosidl_typesupport_cpp: rosidl_typesupport_fastrtps_cpp;rosidl_typesupport_introspection_cpp
[2.966s] -- Found rmw_implementation_cmake: 1.0.3 (/opt/ros/foxy/share/rmw_implementation_cmake/cmake)
[2.968s] -- Using RMW implementation 'rmw_fastrtps_cpp' as default
[2.978s] -- Looking for pthread.h
[3.285s] -- Looking for pthread.h - found
[3.304s] -- Performing Test CMAKE_HAVE_LIBC_PTHREAD
[3.660s] -- Performing Test CMAKE_HAVE_LIBC_PTHREAD - Failed
[3.660s] -- Looking for pthread_create in pthreads
[3.831s] -- Looking for pthread_create in pthreads - not found
[3.836s] -- Looking for pthread_create in pthread
[4.184s] -- Looking for pthread_create in pthread - found
[4.202s] -- Found Threads: TRUE  
[4.441s] -- Configuring done
[4.447s] -- Generating done
[4.463s] -- Build files have been written to: /home/usuario/Documentos/GitHub/vamoshostia/build/examples_sum
[4.472s] Invoked command in '/home/usuario/Documentos/GitHub/vamoshostia/build/examples_sum' returned '0': CMAKE_PREFIX_PATH=/opt/ros/foxy /usr/bin/cmake /home/usuario/Documentos/GitHub/vamoshostia/ros2_ws/src/sum -DCMAKE_INSTALL_PREFIX=/home/usuario/Documentos/GitHub/vamoshostia/install/examples_sum
[4.480s] Invoking command in '/home/usuario/Documentos/GitHub/vamoshostia/build/examples_sum': CMAKE_PREFIX_PATH=/opt/ros/foxy /usr/bin/cmake --build /home/usuario/Documentos/GitHub/vamoshostia/build/examples_sum -- -j6 -l6
[4.591s] [35m[1mScanning dependencies of target sum[0m
[4.741s] [ 50%] [32mBuilding CXX object CMakeFiles/sum.dir/sum.cpp.o[0m
[50.302s] make[2]: *** [CMakeFiles/sum.dir/build.make:63: CMakeFiles/sum.dir/sum.cpp.o] Interrupci√≥n
[50.303s] make[1]: *** wait: No hay ning√∫n proceso hijo.  Alto.
[50.303s] make[1]: *** Se espera a que terminen otras tareas....
[50.303s] make[1]: *** wait: No hay ning√∫n proceso hijo.  Alto.
[50.303s] make: *** [Makefile:141: all] Error 2
[50.367s] Invoked command in '/home/usuario/Documentos/GitHub/vamoshostia/build/examples_sum' returned '-2': CMAKE_PREFIX_PATH=/opt/ros/foxy /usr/bin/cmake --build /home/usuario/Documentos/GitHub/vamoshostia/build/examples_sum -- -j6 -l6
