-- Found ament_cmake: 0.9.11 (/opt/ros/foxy/share/ament_cmake/cmake)
-- Using PYTHON_EXECUTABLE: /usr/bin/python3
-- Found rclcpp: 2.4.2 (/opt/ros/foxy/share/rclcpp/cmake)
-- Using all available rosidl_typesupport_c: rosidl_typesupport_fastrtps_c;rosidl_typesupport_introspection_c
-- Found rosidl_adapter: 1.3.0 (/opt/ros/foxy/share/rosidl_adapter/cmake)
-- Using all available rosidl_typesupport_cpp: rosidl_typesupport_fastrtps_cpp;rosidl_typesupport_introspection_cpp
-- Found rmw_implementation_cmake: 1.0.3 (/opt/ros/foxy/share/rmw_implementation_cmake/cmake)
-- Using RMW implementation 'rmw_fastrtps_cpp' as default
-- Configuring done
-- Generating done
-- Build files have been written to: /home/usuario/Documentos/GitHub/vamoshostia/build/examples_sum
[35m[1mScanning dependencies of target sum[0m
[ 50%] [32mBuilding CXX object CMakeFiles/sum.dir/sum.cpp.o[0m
make[2]: *** wait: No hay ning√∫n proceso hijo.  Alto.
make[2]: *** Se espera a que terminen otras tareas....
make[2]: *** wait: No hay ning√∫n proceso hijo.  Alto.
make[1]: *** [CMakeFiles/Makefile2:105: CMakeFiles/sum.dir/all] Error 2
make: *** [Makefile:141: all] Interrupci√≥n
