[0.050s] Invoking command in '/home/usuario/Documentos/GitHub/vamoshostia/build/examples_sum': CMAKE_PREFIX_PATH=/opt/ros/foxy /usr/bin/cmake --build /home/usuario/Documentos/GitHub/vamoshostia/build/examples_sum -- -j6 -l6
[0.189s] -- Found ament_cmake: 0.9.11 (/opt/ros/foxy/share/ament_cmake/cmake)
[0.225s] -- Using PYTHON_EXECUTABLE: /usr/bin/python3
[0.499s] -- Found rclcpp: 2.4.2 (/opt/ros/foxy/share/rclcpp/cmake)
[0.555s] -- Using all available rosidl_typesupport_c: rosidl_typesupport_fastrtps_c;rosidl_typesupport_introspection_c
[0.561s] -- Found rosidl_adapter: 1.3.0 (/opt/ros/foxy/share/rosidl_adapter/cmake)
[0.679s] -- Using all available rosidl_typesupport_cpp: rosidl_typesupport_fastrtps_cpp;rosidl_typesupport_introspection_cpp
[0.724s] -- Found rmw_implementation_cmake: 1.0.3 (/opt/ros/foxy/share/rmw_implementation_cmake/cmake)
[0.725s] -- Using RMW implementation 'rmw_fastrtps_cpp' as default
[1.124s] -- Configuring done
[1.312s] -- Generating done
[1.323s] -- Build files have been written to: /home/usuario/Documentos/GitHub/vamoshostia/build/examples_sum
[1.407s] [35m[1mScanning dependencies of target sum[0m
[1.723s] [ 50%] [32mBuilding CXX object CMakeFiles/sum.dir/sum.cpp.o[0m
[29.445s] make[2]: *** wait: No hay ning√∫n proceso hijo.  Alto.
[29.445s] make[2]: *** Se espera a que terminen otras tareas....
[29.445s] make[2]: *** wait: No hay ning√∫n proceso hijo.  Alto.
[29.446s] make[1]: *** [CMakeFiles/Makefile2:105: CMakeFiles/sum.dir/all] Error 2
[29.446s] make: *** [Makefile:141: all] Interrupci√≥n
[29.530s] Invoked command in '/home/usuario/Documentos/GitHub/vamoshostia/build/examples_sum' returned '-2': CMAKE_PREFIX_PATH=/opt/ros/foxy /usr/bin/cmake --build /home/usuario/Documentos/GitHub/vamoshostia/build/examples_sum -- -j6 -l6
