[0.022s] Invoking command in '/home/usuario/Documentos/GitHub/vamoshostia/ros2_ws/build/examples_topics': CMAKE_PREFIX_PATH=/opt/ros/foxy /usr/bin/cmake /home/usuario/Documentos/GitHub/vamoshostia/ros2_ws/src/examples/topics -DCMAKE_INSTALL_PREFIX=/home/usuario/Documentos/GitHub/vamoshostia/ros2_ws/install/examples_topics
[0.450s] -- The C compiler identification is GNU 9.4.0
[0.779s] -- The CXX compiler identification is GNU 9.4.0
[0.796s] -- Check for working C compiler: /usr/bin/cc
[1.155s] -- Check for working C compiler: /usr/bin/cc -- works
[1.160s] -- Detecting C compiler ABI info
[1.535s] -- Detecting C compiler ABI info - done
[1.563s] -- Detecting C compile features
[1.563s] -- Detecting C compile features - done
[1.574s] -- Check for working CXX compiler: /usr/bin/c++
[1.850s] -- Check for working CXX compiler: /usr/bin/c++ -- works
[1.857s] -- Detecting CXX compiler ABI info
[2.122s] -- Detecting CXX compiler ABI info - done
[2.155s] -- Detecting CXX compile features
[2.155s] -- Detecting CXX compile features - done
[2.171s] -- Found ament_cmake: 0.9.11 (/opt/ros/foxy/share/ament_cmake/cmake)
[2.207s] -- Found PythonInterp: /usr/bin/python3 (found suitable version "3.8.10", minimum required is "3") 
[2.207s] -- Using PYTHON_EXECUTABLE: /usr/bin/python3
[2.425s] -- Found rclcpp: 2.4.2 (/opt/ros/foxy/share/rclcpp/cmake)
[2.487s] -- Using all available rosidl_typesupport_c: rosidl_typesupport_fastrtps_c;rosidl_typesupport_introspection_c
[2.495s] -- Found rosidl_adapter: 1.3.0 (/opt/ros/foxy/share/rosidl_adapter/cmake)
[2.574s] -- Found OpenSSL: /usr/lib/x86_64-linux-gnu/libcrypto.so (found version "1.1.1f")  
[2.602s] -- Found FastRTPS: /opt/ros/foxy/include  
[2.672s] -- Using all available rosidl_typesupport_cpp: rosidl_typesupport_fastrtps_cpp;rosidl_typesupport_introspection_cpp
[2.749s] -- Found rmw_implementation_cmake: 1.0.3 (/opt/ros/foxy/share/rmw_implementation_cmake/cmake)
[2.750s] -- Using RMW implementation 'rmw_fastrtps_cpp' as default
[2.764s] -- Looking for pthread.h
[3.065s] -- Looking for pthread.h - found
[3.072s] -- Performing Test CMAKE_HAVE_LIBC_PTHREAD
[3.454s] -- Performing Test CMAKE_HAVE_LIBC_PTHREAD - Failed
[3.454s] -- Looking for pthread_create in pthreads
[3.575s] -- Looking for pthread_create in pthreads - not found
[3.581s] -- Looking for pthread_create in pthread
[3.855s] -- Looking for pthread_create in pthread - found
[3.866s] -- Found Threads: TRUE  
[4.117s] -- Configuring done
[4.132s] -- Generating done
[4.148s] -- Build files have been written to: /home/usuario/Documentos/GitHub/vamoshostia/ros2_ws/build/examples_topics
[4.157s] Invoked command in '/home/usuario/Documentos/GitHub/vamoshostia/ros2_ws/build/examples_topics' returned '0': CMAKE_PREFIX_PATH=/opt/ros/foxy /usr/bin/cmake /home/usuario/Documentos/GitHub/vamoshostia/ros2_ws/src/examples/topics -DCMAKE_INSTALL_PREFIX=/home/usuario/Documentos/GitHub/vamoshostia/ros2_ws/install/examples_topics
[4.166s] Invoking command in '/home/usuario/Documentos/GitHub/vamoshostia/ros2_ws/build/examples_topics': CMAKE_PREFIX_PATH=/opt/ros/foxy /usr/bin/cmake --build /home/usuario/Documentos/GitHub/vamoshostia/ros2_ws/build/examples_topics -- -j6 -l6
[4.288s] [35m[1mScanning dependencies of target publisher[0m
[4.288s] [35m[1mScanning dependencies of target subscriber[0m
[4.444s] [ 50%] [32mBuilding CXX object CMakeFiles/publisher.dir/publisher.cpp.o[0m
[4.444s] [ 50%] [32mBuilding CXX object CMakeFiles/subscriber.dir/subscriber.cpp.o[0m
[122.024s] make[2]: *** Se borra el archivo 'CMakeFiles/publisher.dir/publisher.cpp.o'
[122.024s] make[2]: *** [CMakeFiles/subscriber.dir/build.make:63: CMakeFiles/subscriber.dir/subscriber.cpp.o] Interrupci√≥n
[122.024s] make[1]: *** [CMakeFiles/Makefile2:80: CMakeFiles/subscriber.dir/all] Interrupci√≥n
[122.025s] make[2]: *** [CMakeFiles/publisher.dir/build.make:63: CMakeFiles/publisher.dir/publisher.cpp.o] Interrupci√≥n
[122.025s] make[1]: *** [CMakeFiles/Makefile2:107: CMakeFiles/publisher.dir/all] Interrupci√≥n
[122.025s] make: *** [Makefile:141: all] Interrupci√≥n
[122.026s] Invoked command in '/home/usuario/Documentos/GitHub/vamoshostia/ros2_ws/build/examples_topics' returned '-2': CMAKE_PREFIX_PATH=/opt/ros/foxy /usr/bin/cmake --build /home/usuario/Documentos/GitHub/vamoshostia/ros2_ws/build/examples_topics -- -j6 -l6
