[01m[K/home/usuario/Documentos/GitHub/vamoshostia/ros2_ws/src/sum/sum.cpp:[m[K In function â€˜[01m[Kint main(int, char**)[m[Kâ€™:
[01m[K/home/usuario/Documentos/GitHub/vamoshostia/ros2_ws/src/sum/sum.cpp:22:68:[m[K [01;31m[Kerror: [m[Kexpected â€˜[01m[K;[m[Kâ€™ before â€˜[01m[Krclcpp[m[Kâ€™
   22 |   publisher=node->create_publisher<std_msgs::msg::Int32>("sum", 10)
      |                                                                    [01;31m[K^[m[K
      |                                                                    [32m[K;[m[K
   23 |   [32m[Krclcpp[m[K::spin(node);
      |   [32m[K~~~~~~[m[K                                                            
make[2]: *** [CMakeFiles/sum.dir/build.make:63: CMakeFiles/sum.dir/sum.cpp.o] Error 1
make[1]: *** [CMakeFiles/Makefile2:105: CMakeFiles/sum.dir/all] Error 2
make: *** [Makefile:141: all] Error 2
